{"timestamp": "2023-08-19 09:05:10", "user_id": "U12350", "item": "The Alchemist", "quantity": 1, "total_price": "$18.00"}
{"timestamp": "2023-08-19 09:20:21", "user_id": "U12376", "item": "The Great Gatsby", "quantity": 2, "total_price": "$40.00"}
{"timestamp": "2023-08-19 09:30:32", "user_id": "U12345", "item": "Moby Dick", "quantity": 1, "total_price": "$22.00"}
{"timestamp": "2023-08-19 10:10:43", "user_id": "U12377", "item": "War and Peace", "quantity": 1, "total_price": "$20.00"}
{"timestamp": "2023-08-19 10:45:54", "user_id": "U12378", "item": "Harry Potter and the Sorcerer's Stone", "quantity": 3, "total_price": "$75.00"}
{"timestamp": "2023-08-19 11:11:11", "user_id": "U12379", "item": "The Little Prince", "quantity": 1, "total_price": "$15.00"}
{"timestamp": "2023-08-19 11:30:22", "user_id": "U12353", "item": "The Hobbit", "quantity": 2, "total_price": "$30.00"}
{"timestamp": "2023-08-19 12:15:33", "user_id": "U12380", "item": "Brave New World", "quantity": 1, "total_price": "$17.00"}
{"timestamp": "2023-08-19 12:30:44", "user_id": "U12381", "item": "1984", "quantity": 2, "total_price": "$40.00"}
{"timestamp": "2023-08-19 13:00:55", "user_id": "U12382", "item": "The Odyssey", "quantity": 1, "total_price": "$14.00"}
{"timestamp": "2023-08-19 13:20:06", "user_id": "U12383", "item": "Pride and Prejudice", "quantity": 1, "total_price": "$18.00"}
{"timestamp": "2023-08-19 14:05:17", "user_id": "U12348", "item": "Ulysses", "quantity": 1, "total_price": "$24.00"}
{"timestamp": "2023-08-19 14:30:28", "user_id": "U12384", "item": "The Brothers Karamazov", "quantity": 1, "total_price": "$25.00"}
{"timestamp": "2023-08-19 15:15:39", "user_id": "U12385", "item": "The Secret", "quantity": 2, "total_price": "$38.00"}
{"timestamp": "2023-08-19 15:45:50", "user_id": "U12386", "item": "The Book Thief", "quantity": 1, "total_price": "$19.00"}
{"timestamp": "2023-08-19 16:20:01", "user_id": "U12349", "item": "The Catcher in the Rye", "quantity": 2, "total_price": "$40.00"}
{"timestamp": "2023-08-19 16:35:12", "user_id": "U12387", "item": "Sapiens", "quantity": 1, "total_price": "$27.00"}
{"timestamp": "2023-08-19 17:00:23", "user_id": "U12388", "item": "The Old Man and the Sea", "quantity": 1, "total_price": "$15.00"}
{"timestamp": "2023-08-19 17:30:34", "user_id": "U12389", "item": "Gone with the Wind", "quantity": 2, "total_price": "$42.00"}
{"timestamp": "2023-08-19 18:15:45", "user_id": "U12390", "item": "One Hundred Years of Solitude", "quantity": 1, "total_price": "$23.00"}
{"timestamp": "2023-08-19 18:30:56", "user_id": "U12391", "item": "The Silence of the Girls", "quantity": 1, "total_price": "$18.00"}
{"timestamp": "2023-08-19 18:45:06", "user_id": "U12392", "item": "In Search of Lost Time", "quantity": 2, "total_price": "$58.00"}
{"timestamp": "2023-08-19 19:00:17", "user_id": "U12393", "item": "Don Quixote", "quantity": 1, "total_price": "$22.00"}
{"timestamp": "2023-08-19 19:20:28", "user_id": "U12394", "item": "A Song of Ice and Fire", "quantity": 2, "total_price": "$40.00"}
{"timestamp": "2023-08-19 20:00:39", "user_id": "U12395", "item": "The Da Vinci Code", "quantity": 1, "total_price": "$20.00"}
{"timestamp": "2023-08-19 20:30:50", "user_id": "U12396", "item": "Jane Eyre", "quantity": 1, "total_price": "$19.00"}
