{"timestamp": "2023-08-18 09:05:12", "user_id": "U12350", "item": "The Alchemist", "quantity": 1, "total_price": "$18.00"}
{"timestamp": "2023-08-18 09:15:23", "user_id": "U12345", "item": "The Great Gatsby", "quantity": 1, "total_price": "$20.00"}
{"timestamp": "2023-08-18 09:20:30", "user_id": "U12351", "item": "Moby Dick", "quantity": 1, "total_price": "$22.00"}
{"timestamp": "2023-08-18 09:30:45", "user_id": "U12352", "item": "War and Peace", "quantity": 2, "total_price": "$40.00"}
{"timestamp": "2023-08-18 10:42:56", "user_id": "U12346", "item": "Harry Potter and the Sorcerer's Stone", "quantity": 2, "total_price": "$50.00"}
{"timestamp": "2023-08-18 11:11:11", "user_id": "U12353", "item": "The Little Prince", "quantity": 1, "total_price": "$15.00"}
{"timestamp": "2023-08-18 11:23:45", "user_id": "U12354", "item": "The Hobbit", "quantity": 3, "total_price": "$45.00"}
{"timestamp": "2023-08-18 11:45:00", "user_id": "U12355", "item": "Brave New World", "quantity": 2, "total_price": "$34.00"}
{"timestamp": "2023-08-18 12:10:05", "user_id": "U12347", "item": "1984", "quantity": 1, "total_price": "$20.00"}
{"timestamp": "2023-08-18 12:30:22", "user_id": "U12356", "item": "The Odyssey", "quantity": 2, "total_price": "$28.00"}
{"timestamp": "2023-08-18 12:45:10", "user_id": "U12357", "item": "Pride and Prejudice", "quantity": 1, "total_price": "$18.00"}
{"timestamp": "2023-08-18 13:15:35", "user_id": "U12358", "item": "Ulysses", "quantity": 1, "total_price": "$24.00"}
{"timestamp": "2023-08-18 13:25:40", "user_id": "U12359", "item": "The Brothers Karamazov", "quantity": 1, "total_price": "$25.00"}
{"timestamp": "2023-08-18 13:45:55", "user_id": "U12360", "item": "The Secret", "quantity": 1, "total_price": "$19.00"}
{"timestamp": "2023-08-18 14:05:20", "user_id": "U12361", "item": "The Book Thief", "quantity": 2, "total_price": "$38.00"}
{"timestamp": "2023-08-18 14:23:47", "user_id": "U12348", "item": "The Catcher in the Rye", "quantity": 3, "total_price": "$60.00"}
{"timestamp": "2023-08-18 14:45:16", "user_id": "U12362", "item": "Sapiens", "quantity": 1, "total_price": "$27.00"}
{"timestamp": "2023-08-18 15:15:40", "user_id": "U12363", "item": "The Old Man and the Sea", "quantity": 2, "total_price": "$30.00"}
{"timestamp": "2023-08-18 15:35:51", "user_id": "U12364", "item": "Gone with the Wind", "quantity": 1, "total_price": "$21.00"}
{"timestamp": "2023-08-18 15:55:26", "user_id": "U12365", "item": "One Hundred Years of Solitude", "quantity": 1, "total_price": "$23.00"}
{"timestamp": "2023-08-18 16:10:31", "user_id": "U12366", "item": "The Silence of the Girls", "quantity": 2, "total_price": "$36.00"}
{"timestamp": "2023-08-18 16:25:44", "user_id": "U12367", "item": "In Search of Lost Time", "quantity": 1, "total_price": "$29.00"}
{"timestamp": "2023-08-18 16:35:53", "user_id": "U12368", "item": "Don Quixote", "quantity": 1, "total_price": "$22.00"}
{"timestamp": "2023-08-18 16:45:57", "user_id": "U12369", "item": "A Song of Ice and Fire", "quantity": 3, "total_price": "$60.00"}
{"timestamp": "2023-08-18 16:55:12", "user_id": "U12349", "item": "The Da Vinci Code", "quantity": 2, "total_price": "$40.00"}
{"timestamp": "2023-08-18 17:10:20", "user_id": "U12370", "item": "Jane Eyre", "quantity": 1, "total_price": "$19.00"}
{"timestamp": "2023-08-18 17:30:30", "user_id": "U12371", "item": "The Chronicles of Narnia", "quantity": 2, "total_price": "$42.00"}
{"timestamp": "2023-08-18 17:40:40", "user_id": "U12372", "item": "The Grapes of Wrath", "quantity": 1, "total_price": "$20.00"}
{"timestamp": "2023-08-18 17:50:50", "user_id": "U12373", "item": "The Picture of Dorian Gray", "quantity": 1, "total_price": "$18.00"}
{"timestamp": "2023-08-18 18:00:01", "user_id": "U12374", "item": "Anna Karenina", "quantity": 1, "total_price": "$24.00"}
